2015-09-28 00:02:46.744 [INFO]	 [app.js]  T.A.K.E., Listening on port 8080
2015-09-28 00:02:46.746 [INFO]	 [app.js]  HTTPS on port 8090
2015-09-28 00:02:57.143 [DEBUG]	 [routes/login.js]  code: 9i3J_Blzlp9rMB1ZWRnKBakoExM5joCRq9cBBYC2qhO3o3mz77oMqRjseFYTEibTsXxweKwQQjQAAAFQqdLRdA
2015-09-28 00:02:57.282 [DEBUG]	 [routes/login.js]  access token: 2Qf9yNZrPAD-cNCBMzBvMAG5kqwEMgLr0rK2KawQQjIAAAFQqdLR_A
2015-09-28 00:02:57.356 [DEBUG]	 [routes/login.js]  id: 65036686
2015-09-28 00:14:22.982 [INFO]	 [app.js]  T.A.K.E., Listening on port 8080
2015-09-28 00:14:22.983 [INFO]	 [app.js]  HTTPS on port 8090
2015-09-28 00:14:42.651 [DEBUG]	 [routes/login.js]  code: Z-DiD3_4cOW4s1SIMH9tIc4XlKeZS5ebO6kuXyuPd4znaTHctJBsUW4sBMxBoKmuf6fHgqwQQjMAAAFQqd2VMw
2015-09-28 00:14:42.772 [DEBUG]	 [routes/login.js]  access token: evBkF6s7n0tV4N54ve_aojJj2vNb5CVAZx0n06wQQjQAAAFQqd2Vpw
2015-09-28 00:14:42.880 [DEBUG]	 [routes/login.js]  id: 65036686
2015-09-28 00:16:23.247 [INFO]	 [app.js]  T.A.K.E., Listening on port 8080
2015-09-28 00:16:23.249 [INFO]	 [app.js]  HTTPS on port 8090
2015-10-28 21:39:16.076 [INFO]	 [app.js]  T.A.K.E., Listening on port 8080
2015-10-28 21:39:16.078 [INFO]	 [app.js]  HTTPS on port 8090
2015-10-28 21:39:57.538 [INFO]	 [app.js]  T.A.K.E., Listening on port 8080
2015-10-28 21:39:57.540 [INFO]	 [app.js]  HTTPS on port 8090
2015-10-28 22:14:11.889 [INFO]	 [app.js]  T.A.K.E., Listening on port 8080
2015-10-28 22:14:11.891 [INFO]	 [app.js]  HTTPS on port 8090
2015-10-28 22:14:38.054 [INFO]	 [app.js]  T.A.K.E., Listening on port 8080
2015-10-28 22:14:38.056 [INFO]	 [app.js]  HTTPS on port 8090
2015-10-28 22:19:41.300 [INFO]	 [app.js]  T.A.K.E., Listening on port 8080
2015-10-28 22:19:41.302 [INFO]	 [app.js]  HTTPS on port 8090
2015-10-28 22:20:15.373 [DEBUG]	 [routes/login.js]  code: zVVjULG6VatrihZ8KAnNuYM85Uiz5DYQgIbiNL3GFc_NoUAnYrB2S53CjPlsYGcHMj1wgawQQjIAAAFQrpsnxg
2015-10-28 22:20:15.509 [DEBUG]	 [routes/login.js]  access token: 3ChGjyLLVkyxk5X7s7iUiE6UvTsuW8-fe9M8CqwQQjIAAAFQrpsoSQ
2015-10-28 22:20:15.587 [DEBUG]	 [routes/login.js]  id: 65036686
2015-10-28 22:22:46.229 [INFO]	 [app.js]  T.A.K.E., Listening on port 8080
2015-10-28 22:22:46.231 [INFO]	 [app.js]  HTTPS on port 8090
2015-10-28 22:23:30.096 [INFO]	 [app.js]  T.A.K.E., Listening on port 8080
2015-10-28 22:23:30.098 [INFO]	 [app.js]  HTTPS on port 8090
2015-10-28 22:24:14.726 [INFO]	 [app.js]  T.A.K.E., Listening on port 8080
2015-10-28 22:24:14.728 [INFO]	 [app.js]  HTTPS on port 8090
2015-10-28 22:24:26.546 [INFO]	 [app.js]  T.A.K.E., Listening on port 8080
2015-10-28 22:24:26.548 [INFO]	 [app.js]  HTTPS on port 8090
2015-10-28 22:25:18.214 [INFO]	 [app.js]  T.A.K.E., Listening on port 8080
2015-10-28 22:25:18.216 [INFO]	 [app.js]  HTTPS on port 8090
2015-10-28 22:27:07.692 [INFO]	 [app.js]  T.A.K.E., Listening on port 8080
2015-10-28 22:27:07.694 [INFO]	 [app.js]  HTTPS on port 8090
2015-10-28 22:27:13.650 [INFO]	 [app.js]  T.A.K.E., Listening on port 8080
2015-10-28 22:27:13.652 [INFO]	 [app.js]  HTTPS on port 8090
2015-10-28 22:28:48.974 [INFO]	 [app.js]  T.A.K.E., Listening on port 8080
2015-10-28 22:28:48.975 [INFO]	 [app.js]  HTTPS on port 8090
2015-10-28 22:41:12.907 [INFO]	 [app.js]  T.A.K.E., Listening on port 8080
2015-10-28 22:41:12.909 [INFO]	 [app.js]  HTTPS on port 8090
2015-10-28 22:42:00.657 [INFO]	 [app.js]  T.A.K.E., Listening on port 8080
2015-10-28 22:42:27.228 [INFO]	 [app.js]  T.A.K.E., Listening on port 8080
2015-10-28 22:43:56.986 [INFO]	 [app.js]  T.A.K.E., Listening on port 8080
2015-10-28 22:48:27.708 [INFO]	 [app.js]  T.A.K.E., Listening on port 8080
2015-10-28 22:56:30.954 [INFO]	 [app.js]  T.A.K.E., Listening on port 8080
2015-10-28 22:56:52.162 [INFO]	 [app.js]  T.A.K.E., Listening on port 8080
2015-10-28 23:47:52.791 [INFO]	 [app.js]  T.A.K.E., Listening on port 8080
2015-10-28 23:56:00.075 [INFO]	 [app.js]  T.A.K.E., Listening on port 8080
2015-10-28 23:56:17.430 [INFO]	 [app.js]  T.A.K.E., Listening on port 8080
2015-10-29 00:01:54.287 [INFO]	 [app.js]  T.A.K.E., Listening on port 8080
2015-10-29 00:02:28.759 [INFO]	 [app.js]  T.A.K.E., Listening on port 8080
2015-10-29 00:02:41.822 [INFO]	 [app.js]  T.A.K.E., Listening on port 8080
2015-10-29 00:04:36.156 [INFO]	 [app.js]  T.A.K.E., Listening on port 8080
2015-10-29 00:07:04.652 [INFO]	 [routes/set-passport.js]  Passport is set...
2015-10-29 00:07:04.707 [INFO]	 [app.js]  T.A.K.E., Listening on port 8080
2015-10-29 00:09:04.668 [INFO]	 [routes/set-passport.js]  Passport is set...
2015-10-29 00:09:04.734 [INFO]	 [app.js]  T.A.K.E., Listening on port 8080
2015-10-29 00:13:06.813 [INFO]	 [routes/set-passport.js]  Passport is set...
2015-10-29 00:13:07.021 [INFO]	 [app.js]  T.A.K.E., Listening on port 8080
2015-10-29 00:13:28.896 [INFO]	 [routes/set-passport.js]  Passport is set...
2015-10-29 00:13:29.107 [INFO]	 [app.js]  T.A.K.E., Listening on port 8080
2015-10-29 00:13:33.208 [INFO]	 [routes/set-passport.js]  Passport is set...
2015-10-29 00:13:33.431 [INFO]	 [app.js]  T.A.K.E., Listening on port 8080
2015-10-29 00:15:53.382 [INFO]	 [routes/set-passport.js]  Passport is set...
2015-10-29 00:15:53.641 [INFO]	 [app.js]  T.A.K.E., Listening on port 8080
2015-10-29 00:16:03.846 [DEBUG]	 [routes/set-passport.js]  DB Query: SELECT password FROM takeUser WHERE username = 'psychblue'
2015-10-29 00:16:09.687 [DEBUG]	 [routes/login.js]  code: hYB0zWBn30VS3VHj6pzOTDmyB596OcU2zuUiEbn7adw6BDoBp8kA-wTFBU2tuLVC7oo9XqwQQjEAAAFQrwVFLw
2015-10-29 00:16:09.840 [DEBUG]	 [routes/login.js]  access token: 96WovIB0i8MUqs84koXG7DktskoSwQR0t2k2FKwQQjIAAAFQrwVFtA
2015-10-29 00:16:09.960 [DEBUG]	 [routes/login.js]  id: 65036686
2015-10-29 00:17:19.259 [DEBUG]	 [routes/set-passport.js]  DB Query: SELECT password FROM takeUser WHERE username = 'blue3739'
2015-10-29 00:18:07.022 [DEBUG]	 [routes/set-passport.js]  DB Query: SELECT password FROM takeUser WHERE username = 'blue3739'
2015-10-29 00:21:46.952 [INFO]	 [routes/set-passport.js]  Passport is set...
2015-10-29 00:21:47.147 [INFO]	 [app.js]  T.A.K.E., Listening on port 8080
2015-10-29 00:22:32.028 [INFO]	 [routes/set-passport.js]  Passport is set...
2015-10-29 00:22:32.315 [INFO]	 [app.js]  T.A.K.E., Listening on port 8080
2015-10-29 00:27:06.729 [INFO]	 [routes/set-passport.js]  Passport is set...
2015-10-29 00:27:06.990 [INFO]	 [app.js]  T.A.K.E., Listening on port 8080
2015-10-29 00:28:23.921 [INFO]	 [routes/set-passport.js]  Passport is set...
2015-10-29 00:28:24.119 [INFO]	 [app.js]  T.A.K.E., Listening on port 8080
2015-10-29 00:29:02.923 [DEBUG]	 [routes/set-passport.js]  DB Query: SELECT password FROM takeUser WHERE username = 'blue3739'
2015-10-29 00:29:16.407 [DEBUG]	 [routes/set-passport.js]  DB Query: SELECT password FROM takeUser WHERE username = 'blue3739'
2015-10-29 00:30:01.014 [INFO]	 [routes/set-passport.js]  Passport is set...
2015-10-29 00:30:01.327 [INFO]	 [app.js]  T.A.K.E., Listening on port 8080
2015-10-29 00:30:04.130 [INFO]	 [routes/set-passport.js]  Passport is set...
2015-10-29 00:30:04.325 [INFO]	 [app.js]  T.A.K.E., Listening on port 8080
2015-10-29 00:32:21.809 [INFO]	 [routes/set-passport.js]:  Passport is set...
2015-10-29 00:32:22.014 [INFO]	 [app.js]:  T.A.K.E., Listening on port 8080
2015-10-29 00:32:34.197 [INFO]	 [routes/set-passport.js]  Passport is set...
2015-10-29 00:32:34.443 [INFO]	 [app.js]  T.A.K.E., Listening on port 8080
2015-10-29 20:06:14.972 [INFO]	 [routes/set-passport.js]  Passport is set...
2015-10-29 20:06:15.347 [INFO]	 [app.js]  T.A.K.E., Listening on port 8080
2015-10-29 20:06:58.435 [INFO]	 [routes/set-passport.js]  Passport is set...
2015-10-29 20:06:58.731 [INFO]	 [app.js]  T.A.K.E., Listening on port 8080
2015-10-29 20:16:18.118 [INFO]	 [routes/set-passport.js]  Passport is set...
2015-10-29 20:16:18.439 [INFO]	 [app.js]  T.A.K.E., Listening on port 8080
2015-10-29 20:17:37.822 [INFO]	 [routes/set-passport.js]  Passport is set...
2015-10-29 20:17:38.142 [INFO]	 [app.js]  T.A.K.E., Listening on port 8080
2015-10-29 20:17:55.387 [DEBUG]	 [routes/login.js]  code: xWum7OMX9ZjrN4XPjGZPiFaRsQM638jeEE2wbhY1I9McBQrdBpZE5-z2GG95pfMWhimSE6wQQjQAAAFQs1GA0A
2015-10-29 20:17:55.518 [DEBUG]	 [routes/login.js]  access token: ELuFRMuiUsMYZLm0h5KjhHr6h62ZUZjt3IxknKwQQjQAAAFQs1GBTA
2015-10-29 20:17:55.596 [DEBUG]	 [routes/login.js]  id: 65036686
2015-10-29 20:17:55.598 [DEBUG]	 [database/mysqldb.js]  Query: SELECT username FROM takeUser WHERE username = '65036686'
2015-10-29 20:19:38.157 [INFO]	 [routes/set-passport.js]  Passport is set...
2015-10-29 20:19:38.502 [INFO]	 [app.js]  T.A.K.E., Listening on port 8080
2015-10-29 20:25:44.879 [INFO]	 [routes/set-passport.js]  Passport is set...
2015-10-29 20:25:45.175 [INFO]	 [app.js]  T.A.K.E., Listening on port 8080
2015-10-29 20:25:47.541 [INFO]	 [routes/set-passport.js]  Passport is set...
2015-10-29 20:25:47.789 [INFO]	 [app.js]  T.A.K.E., Listening on port 8080
2015-10-29 20:26:07.166 [DEBUG]	 [routes/login.js]  code: 49Xb02yr94ygGj2jnLM8EKeFLAjuB9Kt3XtlN5FMEdT_n1UFVU1Ao62rf-7NFjTm7YpnJKwQQjIAAAFQs1kE4g
2015-10-29 20:26:07.293 [DEBUG]	 [routes/login.js]  access token: kYeugAA5FA-Odx_Gs_A5K-jQfft8MtnpV0SMD6wQQjMAAAFQs1kFZw
2015-10-29 20:26:07.400 [DEBUG]	 [routes/login.js]  id: 65036686
2015-10-29 20:26:07.401 [DEBUG]	 [database/mysqldb.js]  Query: SELECT username FROM takeUser WHERE username = '65036686'
2015-10-29 20:29:27.407 [INFO]	 [routes/set-passport.js]  Passport is set...
2015-10-29 20:29:27.702 [INFO]	 [app.js]  T.A.K.E., Listening on port 8080
2015-10-29 20:29:49.576 [DEBUG]	 [routes/login.js]  code: 9O7R8OVBWgQEnfrtz3Ot-ElhevIFU8AVRRsfM162Ver3dcFgvPyWjnyLfwHJNnUswANj1KwQQjEAAAFQs1xptQ
2015-10-29 20:29:49.734 [DEBUG]	 [routes/login.js]  access token: pWohl_WB8DYccjOO_0vC1v6yFJPsOYlKAT9k5qwQQjQAAAFQs1xqQg
2015-10-29 20:29:49.831 [DEBUG]	 [routes/login.js]  id: 65036686
2015-10-29 20:29:49.832 [DEBUG]	 [database/mysqldb.js]  Query: SELECT username FROM takeUser WHERE username = '65036686'
2015-10-29 20:30:33.158 [INFO]	 [routes/set-passport.js]  Passport is set...
2015-10-29 20:30:33.443 [INFO]	 [app.js]  T.A.K.E., Listening on port 8080
2015-10-29 20:30:36.990 [DEBUG]	 [routes/login.js]  code: DaZ8fHp_0FGSzOH5jjvgCz8_cohHq6JTBFBt52jIiIe67M9JOd5GVCzNTZoFRMcn5xBNM6wQQjIAAAFQs10izg
2015-10-29 20:30:37.116 [DEBUG]	 [routes/login.js]  access token: SBUG45YBBRhoQXcmxRa_lyfahXk7TzwdoKEp5qwQQjQAAAFQs10jWA
2015-10-29 20:30:37.192 [DEBUG]	 [routes/login.js]  id: 65036686
2015-10-29 20:30:37.193 [DEBUG]	 [database/mysqldb.js]  Query: SELECT username FROM takeUser WHERE username = '65036686'
2015-10-29 20:37:09.181 [INFO]	 [routes/set-passport.js]  Passport is set...
2015-10-29 20:37:09.470 [INFO]	 [app.js]  T.A.K.E., Listening on port 8080
2015-10-29 20:46:11.838 [INFO]	 [routes/set-passport.js]  Passport is set...
2015-10-29 20:46:12.177 [INFO]	 [app.js]  T.A.K.E., Listening on port 8080
2015-10-29 20:46:30.727 [INFO]	 [routes/set-passport.js]  Passport is set...
2015-10-29 20:46:31.011 [INFO]	 [app.js]  T.A.K.E., Listening on port 8080
2015-10-29 20:56:32.345 [INFO]	 [routes/set-passport.js]  Passport is set...
2015-10-29 20:56:32.687 [INFO]	 [app.js]  T.A.K.E., Listening on port 8080
2015-10-29 20:57:12.210 [INFO]	 [routes/set-passport.js]  Passport is set...
2015-10-29 20:57:12.423 [INFO]	 [app.js]  T.A.K.E., Listening on port 8080
2015-10-29 20:57:45.243 [DEBUG]	 [routes/login.js]  code: D_sl2897DmQcMPUg_wiLtt4L9ccjaVCLQzIIet-qY27JC67VlOW15I0WsnT-I3LFhI3-iqwQQjIAAAFQs3X6wQ
2015-10-29 20:57:45.375 [DEBUG]	 [routes/login.js]  access token: jtwB86KmhFfUMJehaht3edBOWm6IdRjKFneuiqwQQjQAAAFQs3X7XA
2015-10-29 20:57:45.487 [DEBUG]	 [routes/login.js]  id: 65036686
2015-10-29 20:57:45.488 [DEBUG]	 [database/mysqldb.js]  Query: SELECT username FROM takeUser WHERE username = '65036686'
2015-10-29 20:59:25.626 [INFO]	 [routes/set-passport.js]  Passport is set...
2015-10-29 20:59:25.906 [INFO]	 [app.js]  T.A.K.E., Listening on port 8080
2015-10-29 21:00:12.770 [INFO]	 [routes/set-passport.js]  Passport is set...
2015-10-29 21:00:13.052 [INFO]	 [app.js]  T.A.K.E., Listening on port 8080
2015-10-29 21:20:49.132 [INFO]	 [routes/set-passport.js]  Passport is set...
2015-10-29 21:20:49.424 [INFO]	 [app.js]  T.A.K.E., Listening on port 8080
2015-10-29 21:21:14.207 [INFO]	 [routes/set-passport.js]  Passport is set...
2015-10-29 21:21:14.534 [INFO]	 [app.js]  T.A.K.E., Listening on port 8080
2015-10-29 21:26:17.908 [INFO]	 [routes/set-passport.js]  Passport is set...
2015-10-29 21:26:18.222 [INFO]	 [app.js]  T.A.K.E., Listening on port 8080
2015-10-29 21:31:55.548 [INFO]	 [routes/set-passport.js]  Passport is set...
2015-10-29 21:31:55.841 [INFO]	 [app.js]  T.A.K.E., Listening on port 8080
2015-10-29 21:32:28.933 [INFO]	 [routes/set-passport.js]  Passport is set...
2015-10-29 21:32:29.232 [INFO]	 [app.js]  T.A.K.E., Listening on port 8080
2015-10-29 21:34:24.189 [INFO]	 [routes/set-passport.js]  Passport is set...
2015-10-29 21:34:24.509 [INFO]	 [app.js]  T.A.K.E., Listening on port 8080
2015-10-29 21:37:54.664 [DEBUG]	 [routes/login.js]  code: cpXw9Sr7PCpGVbHKeBeOWdT2JK6Y7YvGB_ZONZUv2uSSm2mgWOpSC1_EnwsA0RVdZbK7-KwQQjQAAAFQs5q-7A
2015-10-29 21:37:54.805 [DEBUG]	 [routes/login.js]  access token: 8OFfhopAKyQ5eEPkY871bWiVhX-oz5Hmm8M7A6wQQjIAAAFQs5q_Yw
2015-10-29 21:37:54.888 [DEBUG]	 [routes/login.js]  id: 65036686
2015-10-29 21:38:29.355 [INFO]	 [routes/set-passport.js]  Passport is set...
2015-10-29 21:38:29.693 [INFO]	 [app.js]  T.A.K.E., Listening on port 8080
2015-10-29 21:38:42.927 [DEBUG]	 [routes/login.js]  code: uOiaW7Y-j5wfj9ZwOhEU_PR-R3OD9pIUCOypBIDPyhka45nbF4EtyqSg8F9j1PeY0Ti-QqwQQjMAAAFQs5t7cg
2015-10-29 21:38:43.050 [DEBUG]	 [routes/login.js]  access token: 3kiRotjaYvffA2Oph9jlxupNf-xrjorY01tHNawQQjMAAAFQs5t76w
2015-10-29 21:38:43.180 [DEBUG]	 [routes/login.js]  id: 65036686
2015-10-29 21:40:09.590 [INFO]	 [routes/set-passport.js]  Passport is set...
2015-10-29 21:40:09.893 [INFO]	 [app.js]  T.A.K.E., Listening on port 8080
2015-10-29 21:41:52.576 [INFO]	 [routes/set-passport.js]  Passport is set...
2015-10-29 21:41:52.867 [INFO]	 [app.js]  T.A.K.E., Listening on port 8080
2015-10-29 21:47:01.494 [INFO]	 [routes/set-passport.js]  Passport is set...
2015-10-29 21:47:01.770 [INFO]	 [app.js]  T.A.K.E., Listening on port 8080
2015-10-29 21:47:12.772 [DEBUG]	 [routes/login.js]  code: fpROyTyyDA6-ZwgaIbbaaU48fn84gu2X74eWViJXPKc5vYXxUhLByviRgL27f2D7Sxv0JqwQQjEAAAFQs6NDAA
2015-10-29 21:47:12.930 [DEBUG]	 [routes/login.js]  access token: dYRJvzzmvDni7RzkQXGpnuyhvdem3mpfM9v1nKwQQjMAAAFQs6NDhw
2015-10-29 21:47:13.010 [DEBUG]	 [routes/login.js]  id: 65036686
2015-10-29 21:50:21.057 [INFO]	 [routes/set-passport.js]  Passport is set...
2015-10-29 21:50:21.394 [INFO]	 [app.js]  T.A.K.E., Listening on port 8080
2015-10-29 21:50:27.242 [DEBUG]	 [routes/login.js]  code: R08AUsTVPGzS37o-HMuWFdei6vy_uSieIr3OVk7PbrM9oZsL8j7QnVwBwd8uGDpR6S7HmawQQjMAAAFQs6Y6iw
2015-10-29 21:50:27.411 [DEBUG]	 [routes/login.js]  access token: 2Wvl-a4ckEV9LvT2g4vvMEYha0Mdf4AXr5iWBKwQQjEAAAFQs6Y7Pg
2015-10-29 21:50:27.485 [DEBUG]	 [routes/login.js]  id: 65036686
2015-10-29 21:50:27.485 [DEBUG]	 [database/mysqldb.js]  SQL Query [ method: SELECT, selectParam: username, fromParam: takeUser, whereParam: username, value:65036686
2015-10-29 21:53:03.094 [INFO]	 [routes/set-passport.js]  Passport is set...
2015-10-29 21:53:03.404 [INFO]	 [app.js]  T.A.K.E., Listening on port 8080
2015-10-29 21:53:19.886 [DEBUG]	 [routes/login.js]  code: cnj-cHgQU7ibIl0YpuAhzU8mKvm0yUH6F0wT4IO9hFo9xzYljNaLb6M8L2cqWcmuZwQSWqwQQjQAAAFQs6jc5A
2015-10-29 21:53:20.033 [DEBUG]	 [routes/login.js]  access token: HkQFjeEOj2j7Jeg1Aq1cbeM4ALigc39z6gL-kawQQjIAAAFQs6jdSA
2015-10-29 21:53:20.155 [DEBUG]	 [routes/login.js]  id: 65036686
2015-10-29 21:53:20.156 [DEBUG]	 [database/mysqldb.js]  SQL Query [ method: SELECT, selectParam: username, fromParam: takeUser, whereParam: username, value:65036686
2015-10-29 21:53:20.445 [DEBUG]	 [database/mysqldb.js]  SQL Query [ method: INSERT, intoParam:takeUser, values:%s]
2015-10-29 21:53:47.150 [INFO]	 [routes/set-passport.js]  Passport is set...
2015-10-29 21:53:47.453 [INFO]	 [app.js]  T.A.K.E., Listening on port 8080
2015-10-29 21:53:55.128 [DEBUG]	 [routes/login.js]  code: b0X22sfgSMAgnJVbI9l2FEAAgJcE54eC4u8fb0q_xCFdZj3_IBTKxYGrzffMx78ZOGgpWKwQQjMAAAFQs6lmiw
2015-10-29 21:53:55.285 [DEBUG]	 [routes/login.js]  access token: UUiyWi1uvHS-PSxJYlI6JjCYe1qRiX1XpSAUw6wQQjEAAAFQs6lnOQ
2015-10-29 21:53:55.360 [DEBUG]	 [routes/login.js]  id: 65036686
2015-10-29 21:53:55.361 [DEBUG]	 [database/mysqldb.js]  SQL Query [ method: SELECT, selectParam: username, fromParam: takeUser, whereParam: username, value:65036686
2015-10-29 21:53:55.643 [DEBUG]	 [database/mysqldb.js]  SQL Query [ method: INSERT, intoParam:takeUser, values:[object Object]]
2015-10-29 21:57:33.885 [INFO]	 [routes/set-passport.js]  Passport is set...
2015-10-29 21:57:34.188 [INFO]	 [app.js]  T.A.K.E., Listening on port 8080
2015-10-29 21:57:41.689 [DEBUG]	 [routes/login.js]  code: 9SKIJYm012l-_Tv2Wf1uV1_crcnSXybWuydYxqAT1Z2op__TXKFC4DzONrmOqQtOQk4Dd6wQQjIAAAFQs6zbXA
2015-10-29 21:57:41.818 [DEBUG]	 [routes/login.js]  access token: VM9ZsT9umzJ8XzMSHVOKC9WWklhT8m3L6T2GGKwQQjQAAAFQs6zb-A
2015-10-29 21:57:41.904 [DEBUG]	 [routes/login.js]  id: 65036686
2015-10-29 21:57:41.905 [DEBUG]	 [database/mysqldb.js]  SQL Query [ method: SELECT, selectParam: username, fromParam: takeUser, whereParam: username, value:65036686
2015-10-29 21:57:42.191 [DEBUG]	 [database/mysqldb.js]  SQL Query [ method: INSERT, intoParam:takeUser, values:{"username":65036686,"password":"$2a$10$Wj8Omh0R4wmUCwGgG.VR3OM5PsKrSKUzgtGu6ojCE3DpvTNA3o4Qi"}]
2015-10-29 21:58:10.912 [INFO]	 [routes/set-passport.js]  Passport is set...
2015-10-29 21:58:11.250 [INFO]	 [app.js]  T.A.K.E., Listening on port 8080
2015-10-29 22:07:04.641 [INFO]	 [routes/set-passport.js]  Passport is set...
2015-10-29 22:07:04.930 [INFO]	 [app.js]  T.A.K.E., Listening on port 8080
2015-10-29 22:07:39.570 [DEBUG]	 [database/mysqldb.js]  SQL Query [ method: SELECT, selectParam: password, fromParam: takeUser, whereParam: username, value:psychblue ]
2015-10-29 22:08:53.393 [INFO]	 [routes/set-passport.js]  Passport is set...
2015-10-29 22:08:53.705 [INFO]	 [app.js]  T.A.K.E., Listening on port 8080
2015-10-29 22:09:09.944 [INFO]	 [routes/set-passport.js]  Passport is set...
2015-10-29 22:09:10.161 [INFO]	 [app.js]  T.A.K.E., Listening on port 8080
2015-10-29 22:09:23.543 [INFO]	 [routes/set-passport.js]  Passport is set...
2015-10-29 22:09:23.764 [INFO]	 [app.js]  T.A.K.E., Listening on port 8080
2015-10-29 22:09:36.404 [DEBUG]	 [database/mysqldb.js]  SQL Query [ method: SELECT, selectParam: password, fromParam: takeUser, whereParam: username, value:psychblue ]
2015-10-29 22:09:54.223 [DEBUG]	 [database/mysqldb.js]  SQL Query [ method: SELECT, selectParam: password, fromParam: takeUser, whereParam: username, value:psychblue ]
2015-10-29 22:12:35.849 [INFO]	 [routes/set-passport.js]  Passport is set...
2015-10-29 22:12:36.131 [INFO]	 [app.js]  T.A.K.E., Listening on port 8080
2015-10-29 22:13:17.928 [INFO]	 [routes/set-passport.js]  Passport is set...
2015-10-29 22:13:18.151 [INFO]	 [app.js]  T.A.K.E., Listening on port 8080
2015-10-29 22:17:05.199 [INFO]	 [routes/set-passport.js]  Passport is set...
2015-10-29 22:17:05.425 [INFO]	 [app.js]  T.A.K.E., Listening on port 8080
2015-10-29 22:17:15.306 [INFO]	 [routes/set-passport.js]  Passport is set...
2015-10-29 22:17:15.519 [INFO]	 [app.js]  T.A.K.E., Listening on port 8080
2015-10-29 22:17:21.909 [INFO]	 [routes/set-passport.js]  Passport is set...
2015-10-29 22:17:22.116 [INFO]	 [app.js]  T.A.K.E., Listening on port 8080
2015-10-29 22:17:33.472 [INFO]	 [routes/set-passport.js]  Passport is set...
2015-10-29 22:17:33.696 [INFO]	 [app.js]  T.A.K.E., Listening on port 8080
2015-10-29 22:17:44.106 [INFO]	 [routes/set-passport.js]  Passport is set...
2015-10-29 22:17:44.390 [INFO]	 [app.js]  T.A.K.E., Listening on port 8080
2015-10-29 22:17:48.870 [INFO]	 [routes/set-passport.js]  Passport is set...
2015-10-29 22:17:49.094 [INFO]	 [app.js]  T.A.K.E., Listening on port 8080
2015-10-29 22:18:40.560 [INFO]	 [routes/set-passport.js]  Passport is set...
2015-10-29 22:18:40.765 [INFO]	 [app.js]  T.A.K.E., Listening on port 8080
2015-10-29 22:19:11.483 [INFO]	 [routes/set-passport.js]  Passport is set...
2015-10-29 22:19:11.741 [INFO]	 [app.js]  T.A.K.E., Listening on port 8080
2015-10-29 22:19:47.145 [DEBUG]	 [database/mysqldb.js]  SQL Query [ method: INSERT, intoParam: takeUser, values: {"username":"psychblue","password":"$2a$10$vmpf9dFO309/cb3H3dSpMebXMLmngnz1SaR6Ue/7X.v57FYBVBGQC"} ]
2015-10-29 22:19:47.156 [ERROR]	 [database/mysqldb.js]  
2015-10-29 22:20:41.094 [INFO]	 [routes/set-passport.js]  Passport is set...
2015-10-29 22:20:41.426 [INFO]	 [app.js]  T.A.K.E., Listening on port 8080
2015-10-29 22:20:46.701 [DEBUG]	 [database/mysqldb.js]  SQL Query [ method: INSERT, intoParam: takeUser, values: {"username":"psychblue","password":"$2a$10$WVYt5ZJJXTaCuK6vg99J2elpiIQ7mPQMPttrrF/Fdz4P2.vj.OqSC"} ]
2015-10-29 22:20:46.707 [ERROR]	 [database/mysqldb.js]  
2015-10-29 22:22:06.816 [INFO]	 [routes/set-passport.js]  Passport is set...
2015-10-29 22:22:07.099 [INFO]	 [app.js]  T.A.K.E., Listening on port 8080
2015-10-29 22:22:12.574 [DEBUG]	 [database/mysqldb.js]  SQL Query [ method: INSERT, intoParam: takeUser, values: {"username":"psychblue","password":"$2a$10$vI1ninqH13b417f8a5BpHOBwwenRpNJfQBE7EMnUtbbVGQTJfd7tK"} ]
2015-10-29 22:22:12.581 [ERROR]	 [database/mysqldb.js]  Error: ER_DUP_ENTRY: Duplicate entry 'psychblue' for key 'PRIMARY'
2015-10-29 22:22:37.150 [INFO]	 [routes/set-passport.js]  Passport is set...
2015-10-29 22:22:37.473 [INFO]	 [app.js]  T.A.K.E., Listening on port 8080
2015-10-29 22:24:16.265 [INFO]	 [routes/set-passport.js]  Passport is set...
2015-10-29 22:24:16.544 [INFO]	 [app.js]  T.A.K.E., Listening on port 8080
2015-10-29 22:24:43.555 [INFO]	 [routes/set-passport.js]  Passport is set...
2015-10-29 22:24:43.788 [INFO]	 [app.js]  T.A.K.E., Listening on port 8080
2015-10-29 22:25:00.827 [INFO]	 [routes/set-passport.js]  Passport is set...
2015-10-29 22:25:01.057 [INFO]	 [app.js]  T.A.K.E., Listening on port 8080
2015-10-29 22:25:19.450 [INFO]	 [routes/set-passport.js]  Passport is set...
2015-10-29 22:25:19.656 [INFO]	 [app.js]  T.A.K.E., Listening on port 8080
2015-10-29 22:32:43.015 [INFO]	 [routes/set-passport.js]  Passport is set...
2015-10-29 22:32:43.310 [INFO]	 [app.js]  T.A.K.E., Listening on port 8080
2015-10-29 22:33:01.759 [INFO]	 [routes/set-passport.js]  Passport is set...
2015-10-29 22:33:02.044 [INFO]	 [app.js]  T.A.K.E., Listening on port 8080
2015-10-29 22:35:30.626 [INFO]	 [routes/set-passport.js]  Passport is set...
2015-10-29 22:35:30.920 [INFO]	 [app.js]  T.A.K.E., Listening on port 8080
2015-10-29 22:37:55.710 [INFO]	 [routes/set-passport.js]  Passport is set...
2015-10-29 22:37:55.993 [INFO]	 [app.js]  T.A.K.E., Listening on port 8080
2015-10-29 22:38:22.535 [DEBUG]	 [routes/login.js]  code: qFSVGCvoFZ7ffTI3dl2RJAP1aeezmpVbNbCmZ7KGbFz3Sb4h-Vn5EMCgw-6amBHbZwc6h6wQQjEAAAFQs9IaXQ
2015-10-29 22:38:22.667 [DEBUG]	 [routes/login.js]  access token: mc7X-dA2J9RPkc8KxDa7RY1ZsOw1IfST2mn4xqwQQjIAAAFQs9Iatw
2015-10-29 22:38:22.772 [DEBUG]	 [routes/login.js]  id: 65036686
2015-10-29 22:38:22.772 [DEBUG]	 [database/mysqldb.js]  SQL Query [ method: SELECT, selectParam: username, fromParam: takeUser, whereParam: username, value: 65036686 ]
2015-10-29 22:38:27.402 [DEBUG]	 [database/mysqldb.js]  SQL Query [ method: DELETE, fromParam: takeUser, whereParam: username, value: 65036686]
2015-10-29 22:38:55.030 [INFO]	 [routes/set-passport.js]  Passport is set...
2015-10-29 22:38:55.302 [INFO]	 [app.js]  T.A.K.E., Listening on port 8080
2015-10-29 22:42:13.431 [INFO]	 [database/mysqldb.js]  Logger for database/mysqldb.js is set... 
2015-10-29 22:42:13.525 [INFO]	 [routes/set-passport.js]  Logger for routes/set-passport.js is set... 
2015-10-29 22:42:13.705 [INFO]	 [routes/login.js]  Logger for routes/login.js is set... 
2015-10-29 22:42:13.706 [INFO]	 [routes/join.js]  Logger for routes/join.js is set... 
2015-10-29 22:42:13.755 [INFO]	 [app.js]  Logger for app.js is set... 
2015-10-29 22:42:13.526 [INFO]	 [routes/set-passport.js]  Passport is set...
2015-10-29 22:42:13.845 [INFO]	 [app.js]  T.A.K.E., Listening on port 8080
2015-10-29 22:43:36.434 [INFO]	 [database/mysqldb.js]  Logger for database/mysqldb.js is set... 
2015-10-29 22:43:36.536 [INFO]	 [routes/set-passport.js]  Logger for routes/set-passport.js is set... 
2015-10-29 22:43:36.735 [INFO]	 [routes/login.js]  Logger for routes/login.js is set... 
2015-10-29 22:43:36.736 [INFO]	 [routes/join.js]  Logger for routes/join.js is set... 
2015-10-29 22:43:36.782 [INFO]	 [app.js]  Logger for app.js is set... 
2015-10-29 22:43:36.532 [INFO]	 [database/mysqldb.js]  MySQL User DB is connected...
2015-10-29 22:43:36.537 [INFO]	 [routes/set-passport.js]  Passport is set...
2015-10-29 22:43:36.856 [INFO]	 [app.js]  T.A.K.E., Listening on port 8080
2015-10-29 22:44:51.287 [INFO]	 [database/mysqldb.js]  Logger for database/mysqldb.js is set... 
2015-10-29 22:44:51.378 [INFO]	 [routes/set-passport.js]  Logger for routes/set-passport.js is set... 
2015-10-29 22:44:51.544 [INFO]	 [routes/login.js]  Logger for routes/login.js is set... 
2015-10-29 22:44:51.545 [INFO]	 [routes/join.js]  Logger for routes/join.js is set... 
2015-10-29 22:44:51.588 [INFO]	 [app.js]  Logger for app.js is set... 
2015-10-29 22:44:51.374 [INFO]	 [database/mysqldb.js]  MySQL User DB is connected...
2015-10-29 22:44:51.378 [INFO]	 [routes/set-passport.js]  Passport is set...
2015-10-29 22:44:51.591 [INFO]	 [app.js]  Redis Session DB is connected...
2015-10-29 22:44:51.659 [INFO]	 [app.js]  T.A.K.E., Listening on port 8080
2015-10-29 22:47:54.785 [INFO]	 [database/mysqldb.js]  Logger for database/mysqldb.js is set... 
2015-10-29 22:47:54.879 [INFO]	 [routes/set-passport.js]  Logger for routes/set-passport.js is set... 
2015-10-29 22:47:55.045 [INFO]	 [routes/login.js]  Logger for routes/login.js is set... 
2015-10-29 22:47:55.046 [INFO]	 [routes/join.js]  Logger for routes/join.js is set... 
2015-10-29 22:47:55.092 [INFO]	 [app.js]  Logger for app.js is set... 
2015-10-29 22:47:54.876 [INFO]	 [database/mysqldb.js]  MySQL User DB is connected...
2015-10-29 22:47:54.880 [INFO]	 [routes/set-passport.js]  Passport is set...
2015-10-29 22:47:55.096 [INFO]	 [app.js]  Redis Session DB is connected...
2015-10-29 22:47:55.171 [INFO]	 [app.js]  =============== T.A.K.E. ==============
Listening on port 8080
2015-10-29 22:48:33.325 [INFO]	 [database/mysqldb.js]  Logger for database/mysqldb.js is set... 
2015-10-29 22:48:33.424 [INFO]	 [routes/set-passport.js]  Logger for routes/set-passport.js is set... 
2015-10-29 22:48:33.593 [INFO]	 [routes/login.js]  Logger for routes/login.js is set... 
2015-10-29 22:48:33.594 [INFO]	 [routes/join.js]  Logger for routes/join.js is set... 
2015-10-29 22:48:33.635 [INFO]	 [app.js]  Logger for app.js is set... 
2015-10-29 22:48:33.421 [INFO]	 [database/mysqldb.js]  MySQL User DB is connected...
2015-10-29 22:48:33.425 [INFO]	 [routes/set-passport.js]  Passport is set...
2015-10-29 22:48:33.638 [INFO]	 [app.js]  Redis Session DB is connected...
2015-10-29 22:48:33.710 [INFO]	 [app.js]  =============== T.A.K.E. ==============
2015-10-29 22:48:33.711 [INFO]	 [app.js]  Listening on port 8080
